2018-03-07 18:08:25 ERROR ConnectionUtil:23 - Connection Failed
2018-03-08 08:54:38 ERROR ConnectionUtil:23 - Connection Failed
2018-03-08 08:56:20 ERROR ConnectionUtil:23 - Connection Failed
2018-03-08 09:03:25 ERROR ConnectionUtil:23 - Connection Failed
2018-03-08 09:04:03 ERROR ConnectionUtil:23 - Connection Failed
2018-03-08 09:05:25 ERROR ConnectionUtil:23 - Connection Failed
2018-03-08 09:05:46 ERROR ConnectionUtil:23 - Connection Failed
java.sql.SQLException: No suitable driver found for jdbc:oracle:thin:@myrevaturerds.cbdkc3trfzgz.us-east-2.rds.amazonaws.com:1521:ORCL
	at java.sql.DriverManager.getConnection(DriverManager.java:689)
	at java.sql.DriverManager.getConnection(DriverManager.java:247)
	at com.revature.repository.ConnectionUtil.getConnection(ConnectionUtil.java:17)
	at com.revature.repository.ConnectionUtil.main(ConnectionUtil.java:20)
2018-03-08 09:07:45 INFO  ConnectionUtil:21 - Connection Successful
2018-03-09 16:04:27 INFO  ConnectionUtil:21 - Connection Successful
2018-03-09 16:14:04 INFO  Main:28 - UserInfo [balence=0.0, id=1, userName=JoelD95]
2018-03-09 16:17:58 INFO  Main:28 - 
2018-03-09 16:19:06 INFO  Main:28 - 
2018-03-09 20:14:03 ERROR UserRepositoryjdbc:38 - Error while selecting all users
java.sql.SQLException: Invalid column index
	at oracle.jdbc.driver.OraclePreparedStatement.setStringInternal(OraclePreparedStatement.java:5741)
	at oracle.jdbc.driver.OraclePreparedStatement.setString(OraclePreparedStatement.java:5729)
	at oracle.jdbc.driver.OraclePreparedStatementWrapper.setString(OraclePreparedStatementWrapper.java:289)
	at com.revature.model.UserRepositoryjdbc.UserName(UserRepositoryjdbc.java:24)
	at com.revature.Main.main(Main.java:36)
2018-03-09 20:55:48 ERROR UserRepositoryjdbc:58 - Error while updating balance
java.sql.SQLSyntaxErrorException: ORA-01722: invalid number

	at oracle.jdbc.driver.T4CTTIoer.processError(T4CTTIoer.java:450)
	at oracle.jdbc.driver.T4CTTIoer.processError(T4CTTIoer.java:399)
	at oracle.jdbc.driver.T4C8Oall.processError(T4C8Oall.java:1017)
	at oracle.jdbc.driver.T4CTTIfun.receive(T4CTTIfun.java:655)
	at oracle.jdbc.driver.T4CTTIfun.doRPC(T4CTTIfun.java:249)
	at oracle.jdbc.driver.T4C8Oall.doOALL(T4C8Oall.java:566)
	at oracle.jdbc.driver.T4CPreparedStatement.doOall8(T4CPreparedStatement.java:215)
	at oracle.jdbc.driver.T4CPreparedStatement.doOall8(T4CPreparedStatement.java:58)
	at oracle.jdbc.driver.T4CPreparedStatement.executeForRows(T4CPreparedStatement.java:943)
	at oracle.jdbc.driver.OracleStatement.doExecuteWithTimeout(OracleStatement.java:1075)
	at oracle.jdbc.driver.OraclePreparedStatement.executeInternal(OraclePreparedStatement.java:3820)
	at oracle.jdbc.driver.OraclePreparedStatement.executeUpdate(OraclePreparedStatement.java:3897)
	at oracle.jdbc.driver.OraclePreparedStatementWrapper.executeUpdate(OraclePreparedStatementWrapper.java:1361)
	at com.revature.model.UserRepositoryjdbc.withdraw(UserRepositoryjdbc.java:50)
	at com.revature.Main.main(Main.java:44)
2018-03-09 20:55:48 INFO  Main:44 - false
2018-03-10 16:42:47 INFO  Main:24 - Enter your User ID: 
2018-03-10 16:43:07 INFO  Main:27 - Enter your password: 
2018-03-10 16:43:38 INFO  Main:30 - Welcome JoelD95! What would you like to do? 
----------------------------------
1) View current balance
2) Withdraw money
3) Deposit money
4) Log out
2018-03-10 16:43:51 INFO  Main:40 - Your balance is: $25.0
2018-03-10 16:45:20 INFO  Main:24 - Enter your User ID: 
2018-03-10 16:45:26 INFO  Main:27 - Enter your password: 
2018-03-10 16:45:30 INFO  Main:31 - Welcome JoelD95! What would you like to do? 
----------------------------------
1) View current balance
2) Withdraw money
3) Deposit money
4) Log out
2018-03-10 16:45:33 INFO  Main:41 - Your balance is: $25.0
2018-03-10 16:45:33 INFO  Main:31 - Welcome JoelD95! What would you like to do? 
----------------------------------
1) View current balance
2) Withdraw money
3) Deposit money
4) Log out
2018-03-10 16:45:48 INFO  Main:45 - Enter the amount you wish to withdraw.
2018-03-10 16:45:55 INFO  Main:56 - Your money has been dispensed. Remaining balance is: $25.0
2018-03-10 16:45:55 INFO  Main:31 - Welcome JoelD95! What would you like to do? 
----------------------------------
1) View current balance
2) Withdraw money
3) Deposit money
4) Log out
2018-03-10 16:47:07 INFO  Main:74 - Thank you and have a great day!
2018-03-10 16:47:07 INFO  Main:31 - Welcome JoelD95! What would you like to do? 
----------------------------------
1) View current balance
2) Withdraw money
3) Deposit money
4) Log out
2018-03-10 16:47:15 INFO  Main:74 - Thank you and have a great day!
2018-03-10 16:47:15 INFO  Main:31 - Welcome JoelD95! What would you like to do? 
----------------------------------
1) View current balance
2) Withdraw money
3) Deposit money
4) Log out
2018-03-10 16:47:17 INFO  Main:78 - Invalid Choice User has been logged out.
2018-03-10 16:47:17 INFO  Main:31 - Welcome JoelD95! What would you like to do? 
----------------------------------
1) View current balance
2) Withdraw money
3) Deposit money
4) Log out
2018-03-10 16:48:58 INFO  Main:24 - Enter your User ID: 
2018-03-10 16:49:05 INFO  Main:27 - Enter your password: 
2018-03-10 16:49:09 INFO  Main:31 - Welcome JoelD95! What would you like to do? 
----------------------------------
1) View current balance
2) Withdraw money
3) Deposit money
4) Log out
2018-03-10 16:49:12 INFO  Main:41 - Your balance is: $23.0
2018-03-10 16:49:12 INFO  Main:31 - Welcome JoelD95! What would you like to do? 
----------------------------------
1) View current balance
2) Withdraw money
3) Deposit money
4) Log out
2018-03-10 16:49:16 INFO  Main:45 - Enter the amount you wish to withdraw.
2018-03-10 16:49:18 INFO  Main:56 - Your money has been dispensed. Remaining balance is: $23.0
2018-03-10 16:49:18 INFO  Main:31 - Welcome JoelD95! What would you like to do? 
----------------------------------
1) View current balance
2) Withdraw money
3) Deposit money
4) Log out
2018-03-10 16:49:23 INFO  Main:74 - Thank you and have a great day!
2018-03-10 16:49:23 INFO  Main:31 - Welcome JoelD95! What would you like to do? 
----------------------------------
1) View current balance
2) Withdraw money
3) Deposit money
4) Log out
2018-03-10 16:49:44 INFO  Main:78 - Invalid Choice User has been logged out.
2018-03-10 16:49:44 INFO  Main:31 - Welcome JoelD95! What would you like to do? 
----------------------------------
1) View current balance
2) Withdraw money
3) Deposit money
4) Log out
2018-03-10 16:49:45 INFO  Main:78 - Invalid Choice User has been logged out.
2018-03-10 16:49:45 INFO  Main:31 - Welcome JoelD95! What would you like to do? 
----------------------------------
1) View current balance
2) Withdraw money
3) Deposit money
4) Log out
2018-03-10 16:49:46 INFO  Main:78 - Invalid Choice User has been logged out.
2018-03-10 16:49:46 INFO  Main:31 - Welcome JoelD95! What would you like to do? 
----------------------------------
1) View current balance
2) Withdraw money
3) Deposit money
4) Log out
2018-03-10 16:49:47 INFO  Main:78 - Invalid Choice User has been logged out.
2018-03-10 16:49:47 INFO  Main:31 - Welcome JoelD95! What would you like to do? 
----------------------------------
1) View current balance
2) Withdraw money
3) Deposit money
4) Log out
2018-03-10 16:53:12 INFO  Main:24 - Enter your User ID: 
2018-03-10 16:53:17 INFO  Main:27 - Enter your password: 
2018-03-10 16:53:20 INFO  Main:31 - Welcome JoelD95! What would you like to do? 
----------------------------------
1) View current balance
2) Withdraw money
3) Deposit money
4) Log out
2018-03-10 16:53:23 INFO  Main:74 - Thank you and have a great day!
2018-03-10 16:53:29 INFO  Main:24 - Enter your User ID: 
2018-03-10 16:53:35 INFO  Main:27 - Enter your password: 
2018-03-10 16:53:48 INFO  Main:24 - Enter your User ID: 
2018-03-10 16:53:59 INFO  Main:27 - Enter your password: 
2018-03-10 16:54:13 INFO  Main:24 - Enter your User ID: 
2018-03-10 16:54:19 INFO  Main:27 - Enter your password: 
2018-03-10 16:54:22 INFO  Main:31 - Welcome JoelD95! What would you like to do? 
----------------------------------
1) View current balance
2) Withdraw money
3) Deposit money
4) Log out
2018-03-10 16:54:24 INFO  Main:41 - Your balance is: $13.0
2018-03-10 16:54:24 INFO  Main:31 - Welcome JoelD95! What would you like to do? 
----------------------------------
1) View current balance
2) Withdraw money
3) Deposit money
4) Log out
2018-03-10 16:54:26 INFO  Main:62 - Enter the amount you wish to deposit.
2018-03-10 16:54:29 INFO  Main:68 - Your account has been credited. Current Balance is $13.0
2018-03-10 16:54:29 INFO  Main:31 - Welcome JoelD95! What would you like to do? 
----------------------------------
1) View current balance
2) Withdraw money
3) Deposit money
4) Log out
2018-03-10 16:54:37 INFO  Main:74 - Thank you and have a great day!
2018-03-10 16:59:02 INFO  Main:24 - Enter your User ID: 
2018-03-10 16:59:08 INFO  Main:27 - Enter your password: 
2018-03-10 16:59:12 INFO  Main:31 - Welcome JoelD95! What would you like to do? 
----------------------------------
1) View current balance
2) Withdraw money
3) Deposit money
4) Log out
2018-03-10 16:59:15 INFO  Main:41 - Your balance is: $53.0
2018-03-10 16:59:15 INFO  Main:31 - Welcome JoelD95! What would you like to do? 
----------------------------------
1) View current balance
2) Withdraw money
3) Deposit money
4) Log out
2018-03-10 16:59:18 INFO  Main:45 - Enter the amount you wish to withdraw.
2018-03-10 17:01:34 INFO  Main:25 - Enter your User ID: 
2018-03-10 17:01:42 INFO  Main:28 - Enter your password: 
2018-03-10 17:01:47 INFO  Main:32 - Welcome JoelD95! What would you like to do? 
----------------------------------
1) View current balance
2) Withdraw money
3) Deposit money
4) Log out
2018-03-10 17:01:48 INFO  Main:42 - Your balance is: $33.0
2018-03-10 17:01:48 INFO  Main:32 - Welcome JoelD95! What would you like to do? 
----------------------------------
1) View current balance
2) Withdraw money
3) Deposit money
4) Log out
2018-03-10 17:01:57 INFO  Main:46 - Enter the amount you wish to withdraw.
2018-03-10 17:02:00 INFO  Main:57 - Your money has been dispensed. Remaining balance is: $23.0
2018-03-10 17:02:00 INFO  Main:32 - Welcome JoelD95! What would you like to do? 
----------------------------------
1) View current balance
2) Withdraw money
3) Deposit money
4) Log out
2018-03-10 17:02:28 INFO  Main:75 - Thank you and have a great day!
2018-03-10 17:44:21 INFO  Main:25 - Enter your User ID: 
2018-03-10 17:44:34 INFO  Main:28 - Enter your password: 
2018-03-10 17:45:01 INFO  Main:25 - Enter your User ID: 
2018-03-10 17:45:12 INFO  Main:28 - Enter your password: 
2018-03-10 17:45:17 INFO  Main:32 - Welcome JimT57,! What would you like to do? 
----------------------------------
1) View current balance
2) Withdraw money
3) Deposit money
4) Log out
2018-03-10 17:45:21 INFO  Main:42 - Your balance is: $500.0
2018-03-10 17:45:21 INFO  Main:32 - Welcome JimT57,! What would you like to do? 
----------------------------------
1) View current balance
2) Withdraw money
3) Deposit money
4) Log out
2018-03-10 17:45:47 INFO  Main:46 - Enter the amount you wish to withdraw.
2018-03-10 17:45:52 INFO  Main:52 - Withdraw requested exceeds balance.
2018-03-10 17:45:52 INFO  Main:32 - Welcome JimT57,! What would you like to do? 
----------------------------------
1) View current balance
2) Withdraw money
3) Deposit money
4) Log out
2018-03-10 17:46:17 INFO  Main:46 - Enter the amount you wish to withdraw.
2018-03-10 17:46:21 INFO  Main:57 - Your money has been dispensed. Remaining balance is: $100.0
2018-03-10 17:46:21 INFO  Main:32 - Welcome JimT57,! What would you like to do? 
----------------------------------
1) View current balance
2) Withdraw money
3) Deposit money
4) Log out
2018-03-10 17:46:44 INFO  Main:75 - Thank you and have a great day!
2018-03-10 18:10:12 ERROR UserRepositoryjdbc:80 - error while updating balance
2018-03-10 19:24:53 ERROR UserRepositoryjdbc:59 - error while updating balance
2018-03-10 19:28:29 ERROR UserRepositoryjdbc:59 - error while updating balance
2018-03-10 19:38:29 ERROR UserRepositoryjdbc:59 - error while updating balance
2018-03-10 19:38:34 ERROR UserRepositoryjdbc:59 - error while updating balance
2018-03-10 19:38:56 ERROR UserRepositoryjdbc:59 - error while updating balance
2018-03-10 19:44:20 ERROR UserRepositoryjdbc:59 - error while updating balance
2018-03-10 19:44:21 ERROR UserRepositoryjdbc:59 - error while updating balance
2018-03-10 19:44:29 ERROR UserRepositoryjdbc:59 - error while updating balance
2018-03-10 19:44:30 ERROR UserRepositoryjdbc:59 - error while updating balance
2018-03-10 19:44:50 ERROR UserRepositoryjdbc:59 - error while updating balance
2018-03-10 19:44:51 ERROR UserRepositoryjdbc:59 - error while updating balance
2018-03-10 19:45:29 ERROR UserRepositoryjdbc:59 - error while updating balance
2018-03-10 19:45:30 ERROR UserRepositoryjdbc:59 - error while updating balance
2018-03-10 19:45:40 ERROR UserRepositoryjdbc:59 - error while updating balance
2018-03-10 19:45:41 ERROR UserRepositoryjdbc:59 - error while updating balance
2018-03-10 19:52:22 INFO  Main:25 - Enter your User ID: 
2018-03-10 19:52:32 INFO  Main:28 - Enter your password: 
2018-03-10 19:52:35 INFO  Main:32 - Welcome JoelD95! What would you like to do? 
----------------------------------
1) View current balance
2) Withdraw money
3) Deposit money
4) Log out
2018-03-10 19:52:36 INFO  Main:42 - Your balance is: $50.0
2018-03-10 19:52:36 INFO  Main:32 - Welcome JoelD95! What would you like to do? 
----------------------------------
1) View current balance
2) Withdraw money
3) Deposit money
4) Log out
2018-03-10 19:52:42 INFO  Main:63 - Enter the amount you wish to deposit.
2018-03-10 19:52:47 INFO  Main:69 - Your account has been credited. Current Balance is $50.0
2018-03-10 19:52:47 INFO  Main:32 - Welcome JoelD95! What would you like to do? 
----------------------------------
1) View current balance
2) Withdraw money
3) Deposit money
4) Log out
2018-03-10 19:52:51 INFO  Main:42 - Your balance is: $50.0
2018-03-10 19:52:51 INFO  Main:32 - Welcome JoelD95! What would you like to do? 
----------------------------------
1) View current balance
2) Withdraw money
3) Deposit money
4) Log out
2018-03-10 19:52:53 INFO  Main:75 - Thank you and have a great day!
2018-03-10 19:54:40 INFO  Main:25 - Enter your User ID: 
2018-03-10 19:54:54 INFO  Main:28 - Enter your password: 
2018-03-10 19:54:58 INFO  Main:32 - Welcome JoelD95! What would you like to do? 
----------------------------------
1) View current balance
2) Withdraw money
3) Deposit money
4) Log out
2018-03-10 19:54:59 INFO  Main:42 - Your balance is: $75.0
2018-03-10 19:54:59 INFO  Main:32 - Welcome JoelD95! What would you like to do? 
----------------------------------
1) View current balance
2) Withdraw money
3) Deposit money
4) Log out
2018-03-10 19:55:02 INFO  Main:63 - Enter the amount you wish to deposit.
2018-03-10 19:55:09 INFO  Main:69 - Your account has been credited. Current Balance is $100.0
2018-03-10 19:55:09 INFO  Main:32 - Welcome JoelD95! What would you like to do? 
----------------------------------
1) View current balance
2) Withdraw money
3) Deposit money
4) Log out
2018-03-10 19:55:18 INFO  Main:75 - Thank you and have a great day!
2018-03-10 20:01:31 ERROR UserRepositoryjdbc:59 - error while updating balance
2018-03-10 20:01:32 ERROR UserRepositoryjdbc:80 - error while updating balance
2018-03-10 20:01:50 ERROR UserRepositoryjdbc:59 - error while updating balance
2018-03-10 20:01:51 ERROR UserRepositoryjdbc:80 - error while updating balance
2018-03-10 20:06:46 ERROR UserRepositoryjdbc:59 - error while updating balance
2018-03-10 20:06:46 ERROR UserRepositoryjdbc:80 - error while updating balance
2018-03-11 16:08:37 INFO  Main:26 - Enter your User ID: 
2018-03-11 16:08:57 INFO  Main:26 - Enter your User ID: 
2018-03-11 16:09:02 INFO  Main:30 - Enter your password: 
2018-03-11 16:09:08 INFO  Main:34 - Welcome JoelD95! What would you like to do? 
----------------------------------
1) View current balance
2) Withdraw money
3) Deposit money
4) Log out
2018-03-11 16:09:10 INFO  Main:44 - Your balance is: $60.0
2018-03-11 16:09:10 INFO  Main:34 - Welcome JoelD95! What would you like to do? 
----------------------------------
1) View current balance
2) Withdraw money
3) Deposit money
4) Log out
2018-03-11 16:09:12 INFO  Main:77 - Thank you and have a great day!
2018-03-11 16:24:05 INFO  Main:26 - Enter your User ID: 
2018-03-11 16:24:13 INFO  Main:30 - Enter your password: 
2018-03-11 16:24:17 INFO  Main:34 - Welcome JoelD95! What would you like to do? 
----------------------------------
1) View current balance
2) Withdraw money
3) Deposit money
4) Log out
2018-03-11 16:24:19 INFO  Main:48 - Enter the amount you wish to withdraw.
2018-03-11 16:26:38 INFO  Main:26 - Enter your User ID: 
2018-03-11 16:26:45 INFO  Main:30 - Enter your password: 
2018-03-11 16:26:48 INFO  Main:34 - Welcome JoelD95! What would you like to do? 
----------------------------------
1) View current balance
2) Withdraw money
3) Deposit money
4) Log out
2018-03-11 16:26:50 INFO  Main:48 - Enter the amount you wish to withdraw.
2018-03-11 16:26:51 INFO  Main:94 - invalid number/command
java.lang.NumberFormatException: For input string: "yes"
	at sun.misc.FloatingDecimal.readJavaFormatString(FloatingDecimal.java:2043)
	at sun.misc.FloatingDecimal.parseDouble(FloatingDecimal.java:110)
	at java.lang.Double.parseDouble(Double.java:538)
	at com.revature.Main.main(Main.java:52)
2018-03-11 16:43:14 INFO  Main:26 - Enter your User ID: 
2018-03-11 16:43:20 INFO  Main:30 - Enter your password: 
2018-03-11 16:43:24 INFO  Main:34 - Welcome JoelD95! What would you like to do? 
----------------------------------
1) View current balance
2) Withdraw money
3) Deposit money
4) Log out
2018-03-11 16:43:25 INFO  Main:48 - Enter the amount you wish to withdraw.
2018-03-11 16:44:10 INFO  Main:26 - Enter your User ID: 
2018-03-11 16:44:16 INFO  Main:30 - Enter your password: 
2018-03-11 16:44:19 INFO  Main:34 - Welcome JoelD95! What would you like to do? 
----------------------------------
1) View current balance
2) Withdraw money
3) Deposit money
4) Log out
2018-03-11 16:44:21 INFO  Main:48 - Enter the amount you wish to withdraw.
2018-03-11 16:44:29 INFO  Main:96 - invalid withdraw command
com.revature.exception.BankWithdrawException: -1
	at com.revature.Main.main(Main.java:53)
2018-03-11 16:44:58 INFO  Main:26 - Enter your User ID: 
2018-03-11 16:45:04 INFO  Main:30 - Enter your password: 
2018-03-11 16:45:06 INFO  Main:34 - Welcome JoelD95! What would you like to do? 
----------------------------------
1) View current balance
2) Withdraw money
3) Deposit money
4) Log out
2018-03-11 16:45:09 INFO  Main:48 - Enter the amount you wish to withdraw.
2018-03-11 16:45:10 INFO  Main:96 - invalid withdraw command
2018-03-11 17:57:40 INFO  Main:26 - Enter your User ID: 
2018-03-11 17:57:47 INFO  Main:30 - Enter your password: 
2018-03-11 17:57:52 INFO  Main:34 - Welcome JoelD95! What would you like to do? 
----------------------------------
1) View current balance
2) Withdraw money
3) Deposit money
4) Log out
2018-03-11 17:57:55 INFO  Main:44 - Your balance is: $60.0
2018-03-11 17:57:55 INFO  Main:34 - Welcome JoelD95! What would you like to do? 
----------------------------------
1) View current balance
2) Withdraw money
3) Deposit money
4) Log out
2018-03-11 17:57:58 INFO  Main:48 - Enter the amount you wish to withdraw.
2018-03-11 17:58:00 INFO  Main:63 - Your money has been dispensed. Remaining balance is: $50.0
2018-03-11 17:58:00 INFO  Main:34 - Welcome JoelD95! What would you like to do? 
----------------------------------
1) View current balance
2) Withdraw money
3) Deposit money
4) Log out
2018-03-11 17:58:15 INFO  Main:81 - Thank you and have a great day!
